16/04/2024 01:48:27 PM : root         : INFO     : username expected: operator
16/04/2024 01:48:27 PM : root         : INFO     :  ******** Enrollment (Order - 12) Begin ********
16/04/2024 01:48:27 PM : root         : INFO     : Enrollment_module_tc=12 started
16/04/2024 01:48:32 PM : root         : INFO     : current url: https://scecore7-vm.qa.facefirst.dev/
16/04/2024 01:48:32 PM : root         : INFO     : url is not open
16/04/2024 01:48:32 PM : root         : INFO     : opening localhost portal login
16/04/2024 01:48:32 PM : root         : INFO     : logging in to core
16/04/2024 01:48:32 PM : root         : INFO     : entered explicit wait for 10
16/04/2024 01:48:32 PM : root         : INFO     : exiting explicit wait..
16/04/2024 01:48:35 PM : root         : INFO     : entered explicit wait for 10
16/04/2024 01:48:35 PM : root         : INFO     : exiting explicit wait..
16/04/2024 01:48:37 PM : root         : INFO     : login success..
16/04/2024 01:48:42 PM : root         : INFO     : clicking on enrollments link
16/04/2024 01:48:44 PM : root         : INFO     : clicking on enrollment group button
16/04/2024 01:48:45 PM : root         : INFO     : before unlinking enrolllment group count is : 2
16/04/2024 01:48:46 PM : root         : INFO     : clicking on enrollment group filter dropdown
16/04/2024 01:48:47 PM : root         : INFO     : list of eg are :['ab', 'vip']
16/04/2024 01:48:47 PM : root         : INFO     :  eg name is :ab
16/04/2024 01:48:47 PM : root         : INFO     : custom xpath : (//p[@class="item-title" and text()="ab"]/parent::div/following-sibling::div)[2]/div/div
16/04/2024 01:48:50 PM : root         : INFO     : clicking on action dropdown
16/04/2024 01:48:50 PM : root         : INFO     : add group to enrollment option is clicked inside action dropdown
16/04/2024 01:48:51 PM : root         : INFO     : panel closed successfully
16/04/2024 01:48:51 PM : root         : INFO     : after linking enrollment group count is :1
16/04/2024 01:48:51 PM : root         : INFO     : Enrollment group is linked
