11/04/2024 11:37:06 AM : root         : INFO     :  ******** Identify & Enroll (Order - 12) Begin ********
11/04/2024 11:37:06 AM : root         : INFO     : ************* test_TC_IE_00 started  **************
11/04/2024 11:37:13 AM : root         : INFO     : current url: https://scecore7-vm.qa.facefirst.dev/
11/04/2024 11:37:13 AM : root         : INFO     : url is not open
11/04/2024 11:37:13 AM : root         : INFO     : opening localhost portal login
11/04/2024 11:37:13 AM : root         : INFO     : logging in to core
11/04/2024 11:37:13 AM : root         : INFO     : entered explicit wait for 10
11/04/2024 11:37:13 AM : root         : INFO     : exiting explicit wait..
11/04/2024 11:37:15 AM : root         : INFO     : entered explicit wait for 10
11/04/2024 11:37:16 AM : root         : INFO     : exiting explicit wait..
11/04/2024 11:37:18 AM : root         : INFO     : login success..
11/04/2024 11:37:22 AM : root         : INFO     : entered explicit wait for 10
11/04/2024 11:37:22 AM : root         : INFO     : exiting explicit wait..
11/04/2024 11:37:22 AM : root         : INFO     : clicked on Identify and enroll link
11/04/2024 11:37:23 AM : root         : INFO     : entered explicit wait for 10
11/04/2024 11:37:23 AM : root         : INFO     : exiting explicit wait..
11/04/2024 11:37:23 AM : root         : INFO     : clicked on upload image icon
11/04/2024 11:37:28 AM : root         : INFO     : Image upload success
11/04/2024 11:37:29 AM : root         : INFO     : entered explicit wait for 10
11/04/2024 11:37:29 AM : root         : INFO     : exiting explicit wait..
11/04/2024 11:37:29 AM : root         : INFO     : entered explicit wait for 10
11/04/2024 11:37:29 AM : root         : INFO     : exiting explicit wait..
11/04/2024 11:37:29 AM : root         : INFO     : Clicked on Identify and Enroll button
11/04/2024 11:37:37 AM : root         : INFO     : entered explicit wait for 10
11/04/2024 11:37:37 AM : root         : INFO     : exiting explicit wait..
11/04/2024 11:37:39 AM : root         : INFO     : eg index: 0
11/04/2024 11:37:41 AM : root         : INFO     : enrollment group: aabe
11/04/2024 11:37:44 AM : root         : INFO     : region btn clicked
11/04/2024 11:37:45 AM : root         : INFO     : edge name: sceedge6-vm
11/04/2024 11:37:45 AM : root         : INFO     : save btn : 
11/04/2024 11:37:54 AM : root         : INFO     : save btn displayed: True
11/04/2024 11:37:54 AM : root         : INFO     : Enrollment details filled and save btn is clicked
11/04/2024 11:37:59 AM : root         : INFO     : entered explicit wait for 10
11/04/2024 11:37:59 AM : root         : INFO     : element not found: //p[@ng-bind="'TEXT-PERSON-ADDED' | i18n"]
11/04/2024 11:38:06 AM : root         : ERROR    : Exception crated: Message: element not interactable
  (Session info: chrome=123.0.6312.106)
Stacktrace:
	GetHandleVerifier [0x00007FF784447032+63090]
	(No symbol) [0x00007FF7843B2C82]
	(No symbol) [0x00007FF78424EB1D]
	(No symbol) [0x00007FF784295D56]
	(No symbol) [0x00007FF78428A708]
	(No symbol) [0x00007FF7842B6FDA]
	(No symbol) [0x00007FF78428A00A]
	(No symbol) [0x00007FF7842B71F0]
	(No symbol) [0x00007FF7842D3412]
	(No symbol) [0x00007FF7842B6D83]
	(No symbol) [0x00007FF7842883A8]
	(No symbol) [0x00007FF784289441]
	GetHandleVerifier [0x00007FF7848425AD+4238317]
	GetHandleVerifier [0x00007FF78487F70D+4488525]
	GetHandleVerifier [0x00007FF7848779EF+4456495]
	GetHandleVerifier [0x00007FF784520576+953270]
	(No symbol) [0x00007FF7843BE54F]
	(No symbol) [0x00007FF7843B9224]
	(No symbol) [0x00007FF7843B935B]
	(No symbol) [0x00007FF7843A9B94]
	BaseThreadInitThunk [0x00007FFFBA4753E0+16]
	RtlUserThreadStart [0x00007FFFBBBC485B+43]

11/04/2024 11:38:06 AM : root         : INFO     : status: [True]
