16/04/2024 02:44:55 PM : root         : INFO     : username expected: operator
16/04/2024 02:44:55 PM : root         : INFO     :  ******** Enrollment (Order - 12) Begin ********
16/04/2024 02:44:55 PM : root         : INFO     : Enrollment module tc=13 started
16/04/2024 02:45:00 PM : root         : INFO     : current url: https://scecore7-vm.qa.facefirst.dev/
16/04/2024 02:45:00 PM : root         : INFO     : url is not open
16/04/2024 02:45:00 PM : root         : INFO     : opening localhost portal login
16/04/2024 02:45:00 PM : root         : INFO     : logging in to core
16/04/2024 02:45:00 PM : root         : INFO     : entered explicit wait for 10
16/04/2024 02:45:00 PM : root         : INFO     : exiting explicit wait..
16/04/2024 02:45:03 PM : root         : INFO     : entered explicit wait for 10
16/04/2024 02:45:03 PM : root         : INFO     : exiting explicit wait..
16/04/2024 02:45:05 PM : root         : INFO     : login success..
16/04/2024 02:45:10 PM : root         : INFO     : clicking on enrollments link
16/04/2024 02:45:12 PM : root         : INFO     : before adding faces count is : 2
16/04/2024 02:45:13 PM : root         : INFO     : clicking on faces button
16/04/2024 02:45:14 PM : root         : INFO     : entered explicit wait for 7
16/04/2024 02:45:14 PM : root         : INFO     : exiting explicit wait..
16/04/2024 02:45:14 PM : root         : INFO     : clicked on upload image icon
16/04/2024 02:45:18 PM : root         : INFO     : Image upload success
16/04/2024 02:45:21 PM : root         : INFO     : clicking on skip cropping button
16/04/2024 02:45:25 PM : root         : INFO     : clicking on select photo button
16/04/2024 02:45:25 PM : root         : INFO     : success message is Success, the photo has been added.
16/04/2024 02:45:25 PM : root         : INFO     : sucess photo has been added message is displayed
