17/04/2024 05:33:02 AM : root         : INFO     :  ******** Visitor_Search (Order - 7) Begin ********
17/04/2024 05:33:02 AM : root         : INFO     : ********** Test_1 Begin  **********
17/04/2024 05:33:10 AM : root         : INFO     : current url: https://scecore6-vm.qa.facefirst.dev/
17/04/2024 05:33:10 AM : root         : INFO     : url is not open
17/04/2024 05:33:10 AM : root         : INFO     : opening localhost portal login
17/04/2024 05:33:10 AM : root         : INFO     : logging in to core
17/04/2024 05:33:10 AM : root         : INFO     : entered explicit wait for 10
17/04/2024 05:33:10 AM : root         : INFO     : exiting explicit wait..
17/04/2024 05:33:12 AM : root         : INFO     : entered explicit wait for 10
17/04/2024 05:33:13 AM : root         : INFO     : exiting explicit wait..
17/04/2024 05:33:15 AM : root         : INFO     : ******* Login with operator user success *********
17/04/2024 05:33:17 AM : root         : INFO     : going to visitor search...
17/04/2024 05:33:17 AM : root         : INFO     : entered explicit wait for 10
17/04/2024 05:33:17 AM : root         : INFO     : exiting explicit wait..
17/04/2024 05:33:19 AM : root         : INFO     : waiting for search panel to appear...
17/04/2024 05:33:19 AM : root         : INFO     : Strategy: from
17/04/2024 05:33:19 AM : root         : INFO     : select from date checkbox
17/04/2024 05:33:20 AM : root         : INFO     : select date time
17/04/2024 05:33:20 AM : root         : INFO     : datetime clicked
17/04/2024 05:33:21 AM : root         : INFO     : selecting time
17/04/2024 05:33:21 AM : root         : INFO     : select time 
17/04/2024 05:33:25 AM : root         : INFO     : select in from hours and min
17/04/2024 05:33:26 AM : root         : INFO     : From start date
17/04/2024 05:33:29 AM : root         : INFO     : Strategy: to
17/04/2024 05:33:31 AM : root         : INFO     : selecting time
17/04/2024 05:33:31 AM : root         : INFO     : select time 
17/04/2024 05:33:35 AM : root         : INFO     : select in to hours and min
17/04/2024 05:33:35 AM : root         : INFO     : To End Date
17/04/2024 05:33:40 AM : root         : INFO     : edge name: sceedge6-vm
17/04/2024 05:33:41 AM : root         : INFO     : entered explicit wait for 10
17/04/2024 05:33:41 AM : root         : INFO     : exiting explicit wait..
17/04/2024 05:33:42 AM : root         : INFO     : SCEEDGE6-VM
17/04/2024 05:33:42 AM : root         : INFO     : sceedge6-vm
17/04/2024 05:33:42 AM : root         : INFO     : waiting for message to appear...
17/04/2024 05:33:42 AM : root         : INFO     : entered explicit wait for 10
17/04/2024 05:33:42 AM : root         : INFO     : exiting explicit wait..
17/04/2024 05:33:42 AM : root         : INFO     : clicked on submit search button..
17/04/2024 05:33:44 AM : root         : INFO     : Verifying matches
17/04/2024 05:33:46 AM : root         : INFO     : entered explicit wait for 60
17/04/2024 05:33:46 AM : root         : INFO     : exiting explicit wait..
17/04/2024 05:33:46 AM : root         : INFO     : ****************** VISITOR SEARCH COMPLETE banner displayed...
17/04/2024 05:33:48 AM : root         : INFO     : entered explicit wait for 5
17/04/2024 05:33:48 AM : root         : INFO     : exiting explicit wait..
17/04/2024 05:33:48 AM : root         : INFO     : no match text displayed: True
17/04/2024 05:33:48 AM : root         : INFO     : ele2: No Matches Found - SO FAR
17/04/2024 05:33:48 AM : root         : INFO     : Returned: True
17/04/2024 05:33:48 AM : root         : INFO     : start date: 12/04/202412:00PM
17/04/2024 05:33:48 AM : root         : INFO     : end date: 12/04/202412:30PM
17/04/2024 05:33:49 AM : root         : INFO     : entered explicit wait for 10
17/04/2024 05:33:49 AM : root         : INFO     : exiting explicit wait..
17/04/2024 05:33:49 AM : root         : INFO     : No Match Found txt: No Matches Found - SO FAR, id visible: True
17/04/2024 05:33:49 AM : root         : INFO     : expected exp_asser: APR 12, 2024 , in : SEARCH CONSTRAINTS:
START DATE: APR 16, 2024 11:00 PM END DATE: APR 17, 2024 5:00 PM ORG/HIERARCHY: SCEEDGE6-VM
17/04/2024 05:33:49 AM : root         : INFO     : entered explicit wait for 10
17/04/2024 05:33:49 AM : root         : INFO     : exiting explicit wait..
17/04/2024 05:33:49 AM : root         : INFO     : zone data: SCEEDGE6-VM
17/04/2024 05:33:49 AM : root         : INFO     : ac zone: SEARCH CONSTRAINTS:
START DATE: APR 16, 2024 11:00 PM END DATE: APR 17, 2024 5:00 PM ORG/HIERARCHY: SCEEDGE6-VM
17/04/2024 05:33:50 AM : root         : INFO     : operator User logged out from cloud menu..
17/04/2024 05:33:51 AM : root         : INFO     : status: [True]
17/04/2024 05:33:51 AM : root         : INFO     : ********** Test_VS_02 Begin  **********
17/04/2024 05:33:53 AM : root         : INFO     : page url: https://scecore6-vm.qa.facefirst.dev/
17/04/2024 05:33:53 AM : root         : INFO     : current url: https://scecore6-vm.qa.facefirst.dev/
17/04/2024 05:33:53 AM : root         : INFO     : url is not open
17/04/2024 05:33:53 AM : root         : INFO     : opening localhost portal login
17/04/2024 05:33:53 AM : root         : INFO     : logging in to core
17/04/2024 05:33:53 AM : root         : INFO     : entered explicit wait for 10
17/04/2024 05:33:53 AM : root         : INFO     : exiting explicit wait..
17/04/2024 05:33:55 AM : root         : INFO     : entered explicit wait for 10
17/04/2024 05:33:56 AM : root         : INFO     : exiting explicit wait..
17/04/2024 05:33:58 AM : root         : INFO     : ******* Login with operator user success *********
17/04/2024 05:34:00 AM : root         : INFO     : going to visitor search...
17/04/2024 05:34:00 AM : root         : INFO     : entered explicit wait for 10
17/04/2024 05:34:00 AM : root         : INFO     : exiting explicit wait..
17/04/2024 05:34:02 AM : root         : INFO     : waiting for search panel to appear...
17/04/2024 05:34:02 AM : root         : INFO     : entered explicit wait for 10
17/04/2024 05:34:02 AM : root         : INFO     : exiting explicit wait..
17/04/2024 05:34:05 AM : root         : INFO     : waiting for message to appear...
17/04/2024 05:34:05 AM : root         : INFO     : entered explicit wait for 10
17/04/2024 05:34:05 AM : root         : INFO     : exiting explicit wait..
17/04/2024 05:34:06 AM : root         : INFO     : clicked on submit search button..
17/04/2024 05:34:08 AM : root         : INFO     : Verifying matches
17/04/2024 05:34:10 AM : root         : INFO     : entered explicit wait for 60
17/04/2024 05:34:10 AM : root         : INFO     : exiting explicit wait..
17/04/2024 05:34:10 AM : root         : INFO     : ****************** VISITOR SEARCH COMPLETE banner displayed...
17/04/2024 05:34:12 AM : root         : INFO     : entered explicit wait for 5
17/04/2024 05:34:17 AM : root         : INFO     : element not found: //div[@ng-show="searchHasNoMatches"]
17/04/2024 05:34:20 AM : root         : INFO     : entered explicit wait for 15
17/04/2024 05:34:20 AM : root         : INFO     : exiting explicit wait..
17/04/2024 05:34:20 AM : root         : INFO     : count of matches: 5
17/04/2024 05:34:20 AM : root         : INFO     : images displayed: True
17/04/2024 05:34:20 AM : root         : INFO     : Returned: True
17/04/2024 05:34:21 AM : root         : INFO     : operator User logged out from cloud menu..
17/04/2024 05:34:22 AM : root         : INFO     : status: [True]
17/04/2024 05:34:22 AM : root         : INFO     : ********** Test_VS_03 Begin  **********
17/04/2024 05:34:23 AM : root         : INFO     : page url: https://scecore6-vm.qa.facefirst.dev/
17/04/2024 05:34:23 AM : root         : INFO     : current url: https://scecore6-vm.qa.facefirst.dev/
17/04/2024 05:34:23 AM : root         : INFO     : url is not open
17/04/2024 05:34:23 AM : root         : INFO     : opening localhost portal login
17/04/2024 05:34:23 AM : root         : INFO     : logging in to core
17/04/2024 05:34:23 AM : root         : INFO     : entered explicit wait for 10
17/04/2024 05:34:23 AM : root         : INFO     : exiting explicit wait..
17/04/2024 05:34:26 AM : root         : INFO     : entered explicit wait for 10
17/04/2024 05:34:26 AM : root         : INFO     : exiting explicit wait..
17/04/2024 05:34:28 AM : root         : INFO     : ******* Login with operator user success *********
17/04/2024 05:34:30 AM : root         : INFO     : going to visitor search...
17/04/2024 05:34:30 AM : root         : INFO     : entered explicit wait for 10
17/04/2024 05:34:30 AM : root         : INFO     : exiting explicit wait..
17/04/2024 05:34:32 AM : root         : INFO     : waiting for search panel to appear...
17/04/2024 05:34:32 AM : root         : INFO     : entered explicit wait for 10
17/04/2024 05:34:32 AM : root         : INFO     : exiting explicit wait..
17/04/2024 05:34:36 AM : root         : INFO     : Strategy: from
17/04/2024 05:34:36 AM : root         : INFO     : select from date checkbox
17/04/2024 05:34:37 AM : root         : INFO     : select date time
17/04/2024 05:34:37 AM : root         : INFO     : datetime clicked
17/04/2024 05:34:38 AM : root         : INFO     : selecting time
17/04/2024 05:34:38 AM : root         : INFO     : select time 
17/04/2024 05:34:42 AM : root         : INFO     : select in from hours and min
17/04/2024 05:34:43 AM : root         : INFO     : From start date
17/04/2024 05:34:46 AM : root         : INFO     : Strategy: to
17/04/2024 05:34:48 AM : root         : INFO     : selecting time
17/04/2024 05:34:48 AM : root         : INFO     : select time 
17/04/2024 05:34:52 AM : root         : INFO     : select in to hours and min
17/04/2024 05:34:53 AM : root         : INFO     : To End Date
17/04/2024 05:34:57 AM : root         : INFO     : edge name: sceedge6-vm
17/04/2024 05:34:58 AM : root         : INFO     : entered explicit wait for 10
17/04/2024 05:34:58 AM : root         : INFO     : exiting explicit wait..
17/04/2024 05:34:59 AM : root         : INFO     : SCEEDGE6-VM
17/04/2024 05:34:59 AM : root         : INFO     : sceedge6-vm
17/04/2024 05:35:02 AM : root         : INFO     : entered explicit wait for 10
17/04/2024 05:35:02 AM : root         : INFO     : exiting explicit wait..
17/04/2024 05:35:02 AM : root         : INFO     : max matches dropdown is selected..
17/04/2024 05:35:04 AM : root         : INFO     : waiting for message to appear...
17/04/2024 05:35:04 AM : root         : INFO     : entered explicit wait for 10
17/04/2024 05:35:04 AM : root         : INFO     : exiting explicit wait..
17/04/2024 05:35:04 AM : root         : INFO     : clicked on submit search button..
17/04/2024 05:35:06 AM : root         : INFO     : Verifying matches
17/04/2024 05:35:06 AM : root         : INFO     : entered explicit wait for 10
17/04/2024 05:35:06 AM : root         : INFO     : exiting explicit wait..
17/04/2024 05:35:06 AM : root         : INFO     : no match text displayed: True
17/04/2024 05:35:06 AM : root         : INFO     : ele2: No Matches Found - SO FAR
17/04/2024 05:35:06 AM : root         : INFO     : slider_value_str: left: 48%;
17/04/2024 05:35:06 AM : root         : INFO     : slider_value_text: 48%;
17/04/2024 05:35:09 AM : root         : INFO     : Verifying matches
17/04/2024 05:35:11 AM : root         : INFO     : entered explicit wait for 60
17/04/2024 05:35:11 AM : root         : INFO     : exiting explicit wait..
17/04/2024 05:35:11 AM : root         : INFO     : ****************** VISITOR SEARCH COMPLETE banner displayed...
17/04/2024 05:35:13 AM : root         : INFO     : entered explicit wait for 5
17/04/2024 05:35:13 AM : root         : INFO     : exiting explicit wait..
17/04/2024 05:35:13 AM : root         : INFO     : no match text displayed: True
17/04/2024 05:35:13 AM : root         : INFO     : ele2: No Matches Found - SO FAR
17/04/2024 05:35:13 AM : root         : INFO     : Returned: True
17/04/2024 05:35:14 AM : root         : INFO     : operator User logged out from cloud menu..
17/04/2024 05:35:15 AM : root         : INFO     : status: [True]
17/04/2024 05:35:15 AM : root         : INFO     : ********** Test_VS_04 Begin  **********
17/04/2024 05:35:16 AM : root         : INFO     : page url: https://scecore6-vm.qa.facefirst.dev/
17/04/2024 05:35:16 AM : root         : INFO     : current url: https://scecore6-vm.qa.facefirst.dev/
17/04/2024 05:35:16 AM : root         : INFO     : url is not open
17/04/2024 05:35:16 AM : root         : INFO     : opening localhost portal login
17/04/2024 05:35:16 AM : root         : INFO     : logging in to core
17/04/2024 05:35:16 AM : root         : INFO     : entered explicit wait for 10
17/04/2024 05:35:16 AM : root         : INFO     : exiting explicit wait..
17/04/2024 05:35:19 AM : root         : INFO     : entered explicit wait for 10
17/04/2024 05:35:19 AM : root         : INFO     : exiting explicit wait..
17/04/2024 05:35:21 AM : root         : INFO     : login success..
17/04/2024 05:35:23 AM : root         : INFO     : going to visitor search...
17/04/2024 05:35:23 AM : root         : INFO     : entered explicit wait for 10
17/04/2024 05:35:23 AM : root         : INFO     : exiting explicit wait..
17/04/2024 05:35:26 AM : root         : INFO     : waiting for search panel to appear...
17/04/2024 05:35:27 AM : root         : INFO     : entered explicit wait for 10
17/04/2024 05:35:27 AM : root         : INFO     : exiting explicit wait..
17/04/2024 05:35:28 AM : root         : INFO     : Root region name on VS: KROGER INTERNATIONAL - KCORP
17/04/2024 05:35:30 AM : root         : INFO     : current url: https://scecore6-vm.qa.facefirst.dev:5000/login
17/04/2024 05:35:30 AM : root         : INFO     : url is not open
17/04/2024 05:35:30 AM : root         : INFO     : opening dm login
17/04/2024 05:35:30 AM : root         : INFO     : logging in to DM
17/04/2024 05:35:30 AM : root         : INFO     : entered explicit wait for 10
17/04/2024 05:35:30 AM : root         : INFO     : exiting explicit wait..
17/04/2024 05:35:33 AM : root         : INFO     : entered explicit wait for 10
17/04/2024 05:35:34 AM : root         : INFO     : exiting explicit wait..
17/04/2024 05:35:34 AM : root         : INFO     : Login to DM... Welcome dialog is displayed..
17/04/2024 05:35:35 AM : root         : INFO     : entered explicit wait for 10
17/04/2024 05:35:35 AM : root         : INFO     : exiting explicit wait..
17/04/2024 05:35:38 AM : root         : INFO     : entered explicit wait for 10
17/04/2024 05:35:38 AM : root         : INFO     : exiting explicit wait..
17/04/2024 05:35:40 AM : root         : INFO     : Root region name on DM: KROGER INTERNATIONAL - KCORP
17/04/2024 05:35:42 AM : root         : INFO     : Root region names on VS and DM are same...
17/04/2024 05:35:42 AM : root         : INFO     : status: [True]
17/04/2024 05:35:42 AM : root         : INFO     : ********** Test_VS_05 Begin  **********
17/04/2024 05:35:43 AM : root         : INFO     : exception: ()
17/04/2024 05:35:43 AM : root         : ERROR    : screenshot file path: C:\Users\FFAzureAdmin\Desktop\FF_Smoke_Test\Reports\Screenshots\TC_VS_05_exception.png
