16/04/2024 03:52:37 PM : root         : INFO     :  ******** Enrollment (Order - 12) Begin ********
16/04/2024 03:52:37 PM : root         : INFO     : enrollment_module tc 014 started
16/04/2024 03:52:42 PM : root         : INFO     : current url: https://scecore7-vm.qa.facefirst.dev/
16/04/2024 03:52:42 PM : root         : INFO     : url is not open
16/04/2024 03:52:42 PM : root         : INFO     : opening localhost portal login
16/04/2024 03:52:42 PM : root         : INFO     : logging in to core
16/04/2024 03:52:42 PM : root         : INFO     : entered explicit wait for 10
16/04/2024 03:52:42 PM : root         : INFO     : exiting explicit wait..
16/04/2024 03:52:44 PM : root         : INFO     : entered explicit wait for 10
16/04/2024 03:52:45 PM : root         : INFO     : exiting explicit wait..
16/04/2024 03:52:47 PM : root         : INFO     : login success..
16/04/2024 03:52:52 PM : root         : INFO     : clicking on enrollments link
16/04/2024 03:52:55 PM : root         : ERROR    : test_TC_En_13 got an exception as: Message: element not interactable
  (Session info: chrome=123.0.6312.122)
Stacktrace:
	GetHandleVerifier [0x00007FF784447032+63090]
	(No symbol) [0x00007FF7843B2C82]
	(No symbol) [0x00007FF78424EB1D]
	(No symbol) [0x00007FF784295D56]
	(No symbol) [0x00007FF78428A708]
	(No symbol) [0x00007FF7842B6FDA]
	(No symbol) [0x00007FF78428A00A]
	(No symbol) [0x00007FF7842B71F0]
	(No symbol) [0x00007FF7842D3412]
	(No symbol) [0x00007FF7842B6D83]
	(No symbol) [0x00007FF7842883A8]
	(No symbol) [0x00007FF784289441]
	GetHandleVerifier [0x00007FF7848425AD+4238317]
	GetHandleVerifier [0x00007FF78487F70D+4488525]
	GetHandleVerifier [0x00007FF7848779EF+4456495]
	GetHandleVerifier [0x00007FF784520576+953270]
	(No symbol) [0x00007FF7843BE54F]
	(No symbol) [0x00007FF7843B9224]
	(No symbol) [0x00007FF7843B935B]
	(No symbol) [0x00007FF7843A9B94]
	BaseThreadInitThunk [0x00007FFFBA4753E0+16]
	RtlUserThreadStart [0x00007FFFBBBC485B+43]

