11/04/2024 11:31:08 AM : root         : INFO     :  ******** Identify & Enroll (Order - 12) Begin ********
11/04/2024 11:31:08 AM : root         : INFO     : ************* test_TC_IE_00 started  **************
11/04/2024 11:31:15 AM : root         : INFO     : current url: https://scecore7-vm.qa.facefirst.dev/
11/04/2024 11:31:15 AM : root         : INFO     : url is not open
11/04/2024 11:31:15 AM : root         : INFO     : opening localhost portal login
11/04/2024 11:31:15 AM : root         : INFO     : logging in to core
11/04/2024 11:31:15 AM : root         : INFO     : entered explicit wait for 10
11/04/2024 11:31:15 AM : root         : INFO     : exiting explicit wait..
11/04/2024 11:31:18 AM : root         : INFO     : entered explicit wait for 10
11/04/2024 11:31:18 AM : root         : INFO     : exiting explicit wait..
11/04/2024 11:31:20 AM : root         : INFO     : login success..
11/04/2024 11:31:24 AM : root         : INFO     : entered explicit wait for 10
11/04/2024 11:31:24 AM : root         : INFO     : exiting explicit wait..
11/04/2024 11:31:24 AM : root         : INFO     : clicked on Identify and enroll link
11/04/2024 11:31:25 AM : root         : INFO     : entered explicit wait for 10
11/04/2024 11:31:25 AM : root         : INFO     : exiting explicit wait..
11/04/2024 11:31:25 AM : root         : INFO     : clicked on upload image icon
11/04/2024 11:31:30 AM : root         : INFO     : Image upload success
11/04/2024 11:31:31 AM : root         : INFO     : entered explicit wait for 10
11/04/2024 11:31:41 AM : root         : INFO     : element not found: //div[contains(text(),'CROP PHOTO')]/preceding-sibling::div//p[text()='Identify /']
11/04/2024 11:31:41 AM : root         : INFO     : entered explicit wait for 10
11/04/2024 11:31:52 AM : root         : INFO     : element not found: //div[contains(text(),'CROP PHOTO')]/preceding-sibling::div//p[text()='Identify /']
11/04/2024 11:31:52 AM : root         : ERROR    : test_TC_IE_00 got an exception as: Message: javascript error: Cannot read properties of null (reading 'click')
  (Session info: chrome=123.0.6312.106)
Stacktrace:
	GetHandleVerifier [0x00007FF784447032+63090]
	(No symbol) [0x00007FF7843B2C82]
	(No symbol) [0x00007FF78424EC65]
	(No symbol) [0x00007FF784253D21]
	(No symbol) [0x00007FF784256462]
	(No symbol) [0x00007FF7842D4062]
	(No symbol) [0x00007FF7842B6FDA]
	(No symbol) [0x00007FF7842D3412]
	(No symbol) [0x00007FF7842B6D83]
	(No symbol) [0x00007FF7842883A8]
	(No symbol) [0x00007FF784289441]
	GetHandleVerifier [0x00007FF7848425AD+4238317]
	GetHandleVerifier [0x00007FF78487F70D+4488525]
	GetHandleVerifier [0x00007FF7848779EF+4456495]
	GetHandleVerifier [0x00007FF784520576+953270]
	(No symbol) [0x00007FF7843BE54F]
	(No symbol) [0x00007FF7843B9224]
	(No symbol) [0x00007FF7843B935B]
	(No symbol) [0x00007FF7843A9B94]
	BaseThreadInitThunk [0x00007FFFBA4753E0+16]
	RtlUserThreadStart [0x00007FFFBBBC485B+43]

